2023-10-20 15:55:38,947 INFO autoreload Watching for file changes with StatReloader
2023-10-20 15:59:23,776 INFO basehttp "GET /sign/login/ HTTP/1.1" 200 914
2023-10-20 15:59:34,799 INFO basehttp "POST /sign/login/ HTTP/1.1" 302 0
2023-10-20 15:59:34,820 INFO basehttp "GET / HTTP/1.1" 200 505
2023-10-20 15:59:50,884 INFO basehttp "GET /sign/logout/ HTTP/1.1" 200 242
2023-10-20 15:59:55,043 WARNING log Not Found: /sign/l
2023-10-20 15:59:55,043 WARNING basehttp "GET /sign/l HTTP/1.1" 404 179
2023-10-20 15:59:58,369 WARNING log Not Found: /sign/
2023-10-20 15:59:58,370 WARNING basehttp "GET /sign/ HTTP/1.1" 404 179
2023-10-20 16:00:50,166 INFO autoreload Watching for file changes with StatReloader
2023-10-20 16:00:58,864 INFO basehttp "GET / HTTP/1.1" 302 0
2023-10-20 16:00:58,914 INFO basehttp "GET /accounts/login/?next=/ HTTP/1.1" 200 1568
2023-10-20 16:01:05,325 INFO basehttp "GET /accounts/signup/?next=%2F HTTP/1.1" 200 1195
2023-10-20 16:01:30,209 INFO basehttp "GET /accounts/login/?next=%2F HTTP/1.1" 200 1568
2023-10-20 16:01:48,062 INFO basehttp "POST /accounts/login/ HTTP/1.1" 200 1710
2023-10-20 16:02:06,291 INFO basehttp "POST /accounts/login/ HTTP/1.1" 200 1710
2023-10-20 16:02:16,431 INFO basehttp "GET /sign/login/ HTTP/1.1" 200 914
2023-10-20 16:02:27,774 INFO basehttp "POST /sign/login/ HTTP/1.1" 302 0
2023-10-20 16:02:27,799 INFO basehttp "GET / HTTP/1.1" 200 567
2023-10-20 16:02:40,045 WARNING log Forbidden (Permission denied): /news/1/edit/
Traceback (most recent call last):
  File "C:\Users\okond\PycharmProjects\DjangoProject\venv\Lib\site-packages\django\core\handlers\exception.py", line 55, in inner
    response = get_response(request)
               ^^^^^^^^^^^^^^^^^^^^^
  File "C:\Users\okond\PycharmProjects\DjangoProject\venv\Lib\site-packages\django\core\handlers\base.py", line 197, in _get_response
    response = wrapped_callback(request, *callback_args, **callback_kwargs)
               ^^^^^^^^^^^^^^^^^^^^^^^^^^^^^^^^^^^^^^^^^^^^^^^^^^^^^^^^^^^^
  File "C:\Users\okond\PycharmProjects\DjangoProject\venv\Lib\site-packages\django\views\generic\base.py", line 104, in view
    return self.dispatch(request, *args, **kwargs)
           ^^^^^^^^^^^^^^^^^^^^^^^^^^^^^^^^^^^^^^^
  File "C:\Users\okond\PycharmProjects\DjangoProject\venv\Lib\site-packages\django\contrib\auth\mixins.py", line 73, in dispatch
    return super().dispatch(request, *args, **kwargs)
           ^^^^^^^^^^^^^^^^^^^^^^^^^^^^^^^^^^^^^^^^^^
  File "C:\Users\okond\PycharmProjects\DjangoProject\venv\Lib\site-packages\django\contrib\auth\mixins.py", line 108, in dispatch
    return self.handle_no_permission()
           ^^^^^^^^^^^^^^^^^^^^^^^^^^^
  File "C:\Users\okond\PycharmProjects\DjangoProject\venv\Lib\site-packages\django\contrib\auth\mixins.py", line 48, in handle_no_permission
    raise PermissionDenied(self.get_permission_denied_message())
django.core.exceptions.PermissionDenied
2023-10-20 16:02:40,057 WARNING basehttp "GET /news/1/edit/ HTTP/1.1" 403 135
2023-10-20 16:14:23,151 INFO autoreload Watching for file changes with StatReloader
2023-10-20 16:21:28,147 INFO autoreload C:\Users\okond\PycharmProjects\DjangoProject\NewsPaper\news\models.py changed, reloading.
2023-10-20 16:21:28,760 INFO autoreload Watching for file changes with StatReloader
2023-10-25 10:54:37,934 INFO autoreload Watching for file changes with StatReloader
2023-10-25 11:10:12,977 INFO basehttp "GET / HTTP/1.1" 302 0
2023-10-25 11:10:13,004 INFO basehttp "GET /accounts/login/?next=/ HTTP/1.1" 200 1568
2023-10-25 11:10:13,851 INFO autoreload C:\Users\okond\PycharmProjects\DjangoProject\NewsPaper\config\settings.py changed, reloading.
2023-10-25 11:10:14,551 INFO autoreload Watching for file changes with StatReloader
2023-10-25 11:10:22,769 INFO basehttp "GET /admin/ HTTP/1.1" 302 0
2023-10-25 11:10:24,912 INFO basehttp "GET /admin/login/?next=/admin/ HTTP/1.1" 200 4332
2023-10-25 11:10:36,532 INFO basehttp "POST /admin/login/?next=/admin/ HTTP/1.1" 302 0
2023-10-25 11:10:38,316 INFO basehttp "GET /admin/ HTTP/1.1" 200 15523
2023-10-25 11:11:36,288 INFO basehttp "GET /admin/ HTTP/1.1" 200 15523
2023-10-25 11:11:38,352 INFO basehttp "GET /admin/ HTTP/1.1" 200 15523
2023-10-25 11:13:20,379 INFO autoreload C:\Users\okond\PycharmProjects\DjangoProject\NewsPaper\config\settings.py changed, reloading.
2023-10-25 11:13:20,960 INFO autoreload Watching for file changes with StatReloader
2023-10-25 11:13:43,651 INFO autoreload Watching for file changes with StatReloader
2023-10-25 11:13:46,684 INFO basehttp "GET /admin/ HTTP/1.1" 200 15523
2023-10-25 11:13:49,794 INFO basehttp "GET /admin/ HTTP/1.1" 200 15523
2023-10-25 11:15:49,912 INFO autoreload C:\Users\okond\PycharmProjects\DjangoProject\NewsPaper\config\settings.py changed, reloading.
2023-10-25 11:15:50,530 INFO autoreload Watching for file changes with StatReloader
2023-10-25 11:15:58,116 INFO basehttp "GET /admin/auth/group/ HTTP/1.1" 200 14111
2023-10-25 11:15:58,141 WARNING log Not Found: /static/admin/js/vendor/xregexp/xregexp.min.js
2023-10-25 11:15:58,143 INFO basehttp "GET /admin/jsi18n/ HTTP/1.1" 200 3343
2023-10-25 11:16:00,044 WARNING log Not Found: /static/admin/js/vendor/jquery/jquery.min.js
2023-10-25 11:16:01,860 WARNING basehttp "GET /static/admin/js/vendor/xregexp/xregexp.min.js HTTP/1.1" 404 179
2023-10-25 11:16:05,479 WARNING basehttp "GET /static/admin/js/vendor/jquery/jquery.min.js HTTP/1.1" 404 179
2023-10-25 11:16:09,066 INFO basehttp "GET /admin/auth/group/ HTTP/1.1" 200 14111
2023-10-25 11:16:09,079 WARNING log Not Found: /static/admin/js/vendor/jquery/jquery.min.js
2023-10-25 11:16:09,079 WARNING log Not Found: /static/admin/js/vendor/xregexp/xregexp.min.js
2023-10-25 11:16:10,844 INFO basehttp "GET /admin/jsi18n/ HTTP/1.1" 200 3343
2023-10-25 11:16:12,533 WARNING basehttp "GET /static/admin/js/vendor/jquery/jquery.min.js HTTP/1.1" 404 179
2023-10-25 11:16:14,229 WARNING basehttp "GET /static/admin/js/vendor/xregexp/xregexp.min.js HTTP/1.1" 404 179
2023-10-25 11:18:21,695 INFO autoreload C:\Users\okond\PycharmProjects\DjangoProject\NewsPaper\config\settings.py changed, reloading.
2023-10-25 11:18:22,347 INFO autoreload Watching for file changes with StatReloader
2023-10-25 11:18:25,742 INFO basehttp "GET /admin/auth/group/ HTTP/1.1" 200 14111
2023-10-25 11:18:25,760 WARNING log Not Found: /static/admin/js/vendor/jquery/jquery.min.js
2023-10-25 11:18:25,761 WARNING log Not Found: /static/admin/js/vendor/xregexp/xregexp.min.js
2023-10-25 11:18:26,985 INFO basehttp "GET /admin/auth/group/ HTTP/1.1" 200 14111
2023-10-25 11:18:26,996 WARNING log Not Found: /static/admin/js/vendor/xregexp/xregexp.min.js
2023-10-25 11:18:26,996 WARNING log Not Found: /static/admin/js/vendor/jquery/jquery.min.js
2023-10-25 11:18:27,493 INFO basehttp - Broken pipe from ('127.0.0.1', 61950)
2023-10-25 11:18:29,058 INFO basehttp - Broken pipe from ('127.0.0.1', 61951)
2023-10-25 11:18:30,781 INFO basehttp - Broken pipe from ('127.0.0.1', 61952)
2023-10-25 11:18:32,439 INFO basehttp "GET /admin/jsi18n/ HTTP/1.1" 200 3343
2023-10-25 11:18:34,253 WARNING basehttp "GET /static/admin/js/vendor/xregexp/xregexp.min.js HTTP/1.1" 404 179
2023-10-25 11:18:36,020 WARNING basehttp "GET /static/admin/js/vendor/jquery/jquery.min.js HTTP/1.1" 404 179
2023-10-25 11:18:47,582 INFO basehttp "POST /admin/logout/ HTTP/1.1" 200 3576
2023-10-25 11:18:49,394 INFO basehttp "GET /admin/ HTTP/1.1" 302 0
2023-10-25 11:18:51,274 INFO basehttp "GET /admin/login/?next=/admin/ HTTP/1.1" 200 4181
2023-10-25 11:19:07,599 INFO basehttp "POST /admin/login/?next=/admin/ HTTP/1.1" 302 0
2023-10-25 11:19:09,488 INFO basehttp "GET /admin/ HTTP/1.1" 200 15523
2023-10-25 11:19:11,876 INFO basehttp "GET /admin/ HTTP/1.1" 200 15523
2023-10-25 11:28:05,042 INFO autoreload C:\Users\okond\PycharmProjects\DjangoProject\NewsPaper\config\settings.py changed, reloading.
2023-10-25 11:28:05,660 INFO autoreload Watching for file changes with StatReloader
2023-10-25 11:32:32,168 INFO autoreload C:\Users\okond\PycharmProjects\DjangoProject\NewsPaper\config\settings.py changed, reloading.
2023-10-25 11:34:56,296 INFO autoreload Watching for file changes with StatReloader
2023-10-25 11:36:40,857 INFO autoreload Watching for file changes with StatReloader
2023-10-25 11:42:46,791 INFO autoreload C:\Users\okond\PycharmProjects\DjangoProject\NewsPaper\config\settings.py changed, reloading.
2023-10-25 11:44:59,687 INFO autoreload Watching for file changes with StatReloader
2023-10-25 11:45:46,906 INFO autoreload C:\Users\okond\PycharmProjects\DjangoProject\NewsPaper\config\settings.py changed, reloading.
2023-10-25 13:04:15,727 INFO autoreload Watching for file changes with StatReloader
2023-10-25 13:04:31,257 INFO basehttp "GET / HTTP/1.1" 302 0
2023-10-25 13:04:31,288 INFO basehttp "GET /accounts/login/?next=/ HTTP/1.1" 200 1568
2023-10-25 13:04:44,930 INFO basehttp "GET /news/ HTTP/1.1" 200 4889
2023-10-25 13:04:44,985 WARNING log Not Found: /news/assets/favicon.ico
2023-10-25 13:04:44,985 WARNING basehttp "GET /news/assets/favicon.ico HTTP/1.1" 404 179
2023-10-25 13:04:47,471 INFO basehttp "GET /news/ HTTP/1.1" 200 4889
2023-10-25 13:07:13,004 INFO autoreload C:\Users\okond\PycharmProjects\DjangoProject\NewsPaper\config\settings.py changed, reloading.
2023-10-25 13:12:53,243 INFO autoreload Watching for file changes with StatReloader
2023-10-25 13:12:57,599 INFO basehttp "GET /news/ HTTP/1.1" 200 4889
2023-10-25 13:12:57,929 INFO basehttp "GET /news/ HTTP/1.1" 200 4889
2023-10-25 13:16:19,386 INFO autoreload C:\Users\okond\PycharmProjects\DjangoProject\NewsPaper\config\settings.py changed, reloading.
2023-10-25 13:16:20,002 INFO autoreload Watching for file changes with StatReloader
2023-10-25 13:16:21,919 INFO basehttp "GET /news/ HTTP/1.1" 200 4889
2023-10-25 13:16:22,377 INFO basehttp "GET /news/ HTTP/1.1" 200 4889
2023-10-25 15:31:58,798 INFO autoreload Watching for file changes with StatReloader
2023-10-25 15:35:16,813 INFO autoreload C:\Users\okond\PycharmProjects\DjangoProject\NewsPaper\config\settings.py changed, reloading.
2023-10-25 15:35:17,518 INFO autoreload Watching for file changes with StatReloader
2023-10-25 15:35:23,161 INFO basehttp "GET /news/search/?header__icontains=&author=1&category=2&date= HTTP/1.1" 200 4161
2023-10-25 15:35:24,280 INFO basehttp "GET /news/search/?header__icontains=&author=1&category=2&date= HTTP/1.1" 200 4161
2023-10-25 15:42:37,924 INFO autoreload C:\Users\okond\PycharmProjects\DjangoProject\NewsPaper\config\settings.py changed, reloading.
2023-10-25 15:42:38,659 INFO autoreload Watching for file changes with StatReloader
2023-10-25 15:43:45,716 INFO autoreload C:\Users\okond\PycharmProjects\DjangoProject\NewsPaper\config\settings.py changed, reloading.
2023-10-25 15:43:46,326 INFO autoreload Watching for file changes with StatReloader
2023-10-25 15:47:51,557 INFO autoreload C:\Users\okond\PycharmProjects\DjangoProject\NewsPaper\config\settings.py changed, reloading.
2023-10-25 15:47:52,319 INFO autoreload Watching for file changes with StatReloader
2023-10-25 15:49:13,409 INFO autoreload C:\Users\okond\PycharmProjects\DjangoProject\NewsPaper\config\settings.py changed, reloading.
2023-10-25 15:49:13,996 INFO autoreload Watching for file changes with StatReloader
2023-10-25 15:49:18,451 INFO autoreload Watching for file changes with StatReloader
2023-10-25 15:49:21,210 INFO basehttp "GET /news/search/?header__icontains=&author=1&category=5&date= HTTP/1.1" 200 3458
2023-10-25 15:49:21,783 INFO basehttp "GET /news/search/?header__icontains=&author=1&category=5&date= HTTP/1.1" 200 3458
2023-10-26 12:50:05,315 INFO autoreload Watching for file changes with StatReloader
2023-10-26 12:50:35,036 INFO basehttp "GET / HTTP/1.1" 200 570
2023-10-26 12:50:35,099 WARNING log Not Found: /favicon.ico
2023-10-26 12:50:35,099 WARNING basehttp "GET /favicon.ico HTTP/1.1" 404 179
2023-10-26 12:50:38,363 INFO basehttp "GET /sign/logout/ HTTP/1.1" 200 242
2023-10-26 12:50:46,615 INFO basehttp "GET / HTTP/1.1" 302 0
2023-10-26 12:50:46,723 INFO basehttp "GET /accounts/login/?next=/ HTTP/1.1" 200 1568
2023-10-26 12:51:23,205 INFO basehttp "POST /accounts/login/ HTTP/1.1" 200 1714
2023-10-26 12:52:37,386 INFO basehttp "GET /accounts/signup/?next=%2F HTTP/1.1" 200 1195
2023-10-26 12:53:04,621 INFO basehttp "POST /accounts/signup/ HTTP/1.1" 302 0
2023-10-26 12:53:04,637 INFO basehttp "GET /accounts/confirm-email/ HTTP/1.1" 200 498
2023-10-26 13:13:29,449 INFO autoreload C:\Users\okond\PycharmProjects\DjangoProject\NewsPaper\config\settings.py changed, reloading.
2023-10-26 13:13:30,179 INFO autoreload Watching for file changes with StatReloader
2023-10-26 14:42:55,512 INFO autoreload C:\Users\okond\PycharmProjects\DjangoProject\NewsPaper\config\settings.py changed, reloading.
